<?xml version="1.0" encoding="UTF-8"?>
<testng-results ignored="0" total="1" passed="1" failed="0" skipped="0">
  <reporter-output>
  </reporter-output>
  <suite started-at="2022-08-02T06:42:57Z" name="Default suite" finished-at="2022-08-02T06:43:03Z" duration-ms="6343">
    <groups>
    </groups>
    <test started-at="2022-08-02T06:42:57Z" name="Default test" finished-at="2022-08-02T06:43:03Z" duration-ms="6343">
      <class name="FB.java.Fb">
        <test-method signature="run()[pri:0, instance:FB.java.Fb@1e44b638]" started-at="2022-08-02T06:42:57Z" name="run" finished-at="2022-08-02T06:43:03Z" duration-ms="6285" status="PASS">
          <reporter-output>
          </reporter-output>
        </test-method> <!-- run -->
      </class> <!-- FB.java.Fb -->
    </test> <!-- Default test -->
  </suite> <!-- Default suite -->
</testng-results>
